2018-06-13 01:47:25 DEBUG cic.cs.unb.ca.jnetpcap.worker.ReadPcapFileWorker    Working on... /tmp/tmp_qoj2nuq/f3dfbdafc6d4a594b864f9d6e38eaa811dcabe7f080543a8067f4420d80dcdfd.pcap
2018-06-13 01:47:25 DEBUG cic.cs.unb.ca.jnetpcap.FlowGenerator    FlagFIN current has 2 flow
2018-06-13 01:47:25 DEBUG cic.cs.unb.ca.jnetpcap.FlowGenerator    FlagFIN current has 52 flow
2018-06-13 01:47:25 DEBUG cic.cs.unb.ca.jnetpcap.FlowGenerator    FlagFIN current has 52 flow
2018-06-13 01:47:25 DEBUG cic.cs.unb.ca.jnetpcap.FlowGenerator    FlagFIN current has 52 flow
2018-06-13 01:47:25 DEBUG cic.cs.unb.ca.jnetpcap.FlowGenerator    FlagFIN current has 59 flow
2018-06-13 01:47:25 DEBUG cic.cs.unb.ca.jnetpcap.FlowGenerator    FlagFIN current has 59 flow
2018-06-13 01:47:25 DEBUG cic.cs.unb.ca.jnetpcap.FlowGenerator    FlagFIN current has 67 flow
2018-06-13 01:47:25 DEBUG cic.cs.unb.ca.jnetpcap.FlowGenerator    FlagFIN current has 67 flow
2018-06-13 01:47:25 DEBUG cic.cs.unb.ca.jnetpcap.FlowGenerator    FlagFIN current has 67 flow
2018-06-13 01:47:25 DEBUG cic.cs.unb.ca.jnetpcap.FlowGenerator    FlagFIN current has 67 flow
2018-06-13 01:47:25 DEBUG cic.cs.unb.ca.jnetpcap.FlowGenerator    FlagFIN current has 81 flow
2018-06-13 01:47:25 DEBUG cic.cs.unb.ca.jnetpcap.FlowGenerator    FlagFIN current has 96 flow
2018-06-13 01:47:25 DEBUG cic.cs.unb.ca.jnetpcap.FlowGenerator    FlagFIN current has 96 flow
2018-06-13 01:47:25 DEBUG cic.cs.unb.ca.jnetpcap.FlowGenerator    FlagFIN current has 105 flow
2018-06-13 01:47:25 DEBUG cic.cs.unb.ca.jnetpcap.FlowGenerator    FlagFIN current has 126 flow
2018-06-13 01:47:25 DEBUG cic.cs.unb.ca.jnetpcap.FlowGenerator    FlagFIN current has 132 flow
2018-06-13 01:47:25 DEBUG cic.cs.unb.ca.jnetpcap.FlowGenerator    FlagFIN current has 132 flow
2018-06-13 01:47:25 DEBUG cic.cs.unb.ca.jnetpcap.FlowGenerator    FlagFIN current has 131 flow
2018-06-13 01:47:25 DEBUG cic.cs.unb.ca.jnetpcap.FlowGenerator    FlagFIN current has 136 flow
2018-06-13 01:47:25 DEBUG cic.cs.unb.ca.jnetpcap.FlowGenerator    FlagFIN current has 136 flow
2018-06-13 01:47:25 DEBUG cic.cs.unb.ca.jnetpcap.FlowGenerator    FlagFIN current has 136 flow
2018-06-13 01:47:25 DEBUG cic.cs.unb.ca.jnetpcap.FlowGenerator    FlagFIN current has 136 flow
2018-06-13 01:47:25 DEBUG cic.cs.unb.ca.jnetpcap.FlowGenerator    FlagFIN current has 136 flow
2018-06-13 01:47:25 DEBUG cic.cs.unb.ca.jnetpcap.FlowGenerator    FlagFIN current has 135 flow
2018-06-13 01:47:25 DEBUG cic.cs.unb.ca.jnetpcap.FlowGenerator    FlagFIN current has 134 flow
2018-06-13 01:47:25 DEBUG cic.cs.unb.ca.jnetpcap.FlowGenerator    FlagFIN current has 133 flow
2018-06-13 01:47:25 DEBUG cic.cs.unb.ca.jnetpcap.FlowGenerator    FlagFIN current has 136 flow
2018-06-13 01:47:25 DEBUG cic.cs.unb.ca.jnetpcap.FlowGenerator    FlagFIN current has 136 flow
2018-06-13 01:47:25 DEBUG cic.cs.unb.ca.jnetpcap.FlowGenerator    FlagFIN current has 136 flow
2018-06-13 01:47:25 DEBUG cic.cs.unb.ca.jnetpcap.FlowGenerator    FlagFIN current has 153 flow
2018-06-13 01:47:25 DEBUG cic.cs.unb.ca.jnetpcap.FlowGenerator    FlagFIN current has 152 flow
2018-06-13 01:47:25 DEBUG cic.cs.unb.ca.jnetpcap.FlowGenerator    FlagFIN current has 154 flow
2018-06-13 01:47:25 DEBUG cic.cs.unb.ca.jnetpcap.FlowGenerator    FlagFIN current has 155 flow
2018-06-13 01:47:25 DEBUG cic.cs.unb.ca.jnetpcap.FlowGenerator    FlagFIN current has 166 flow
2018-06-13 01:47:25 DEBUG cic.cs.unb.ca.jnetpcap.FlowGenerator    FlagFIN current has 168 flow
2018-06-13 01:47:25 DEBUG cic.cs.unb.ca.jnetpcap.FlowGenerator    FlagFIN current has 168 flow
2018-06-13 01:47:25 DEBUG cic.cs.unb.ca.jnetpcap.FlowGenerator    FlagFIN current has 168 flow
2018-06-13 01:47:25 DEBUG cic.cs.unb.ca.jnetpcap.FlowGenerator    FlagFIN current has 168 flow
2018-06-13 01:47:25 DEBUG cic.cs.unb.ca.jnetpcap.FlowGenerator    FlagFIN current has 167 flow
2018-06-13 01:47:25 DEBUG cic.cs.unb.ca.jnetpcap.FlowGenerator    FlagFIN current has 168 flow
2018-06-13 01:47:25 DEBUG cic.cs.unb.ca.jnetpcap.FlowGenerator    FlagFIN current has 168 flow
2018-06-13 01:47:25 DEBUG cic.cs.unb.ca.jnetpcap.FlowGenerator    FlagFIN current has 168 flow
2018-06-13 01:47:25 DEBUG cic.cs.unb.ca.jnetpcap.FlowGenerator    FlagFIN current has 168 flow
2018-06-13 01:47:25 DEBUG cic.cs.unb.ca.jnetpcap.FlowGenerator    FlagFIN current has 168 flow
2018-06-13 01:47:25 DEBUG cic.cs.unb.ca.jnetpcap.FlowGenerator    FlagFIN current has 168 flow
2018-06-13 01:47:25 DEBUG cic.cs.unb.ca.jnetpcap.FlowGenerator    FlagFIN current has 168 flow
2018-06-13 01:47:25 DEBUG cic.cs.unb.ca.jnetpcap.FlowGenerator    FlagFIN current has 168 flow
2018-06-13 01:47:25 DEBUG cic.cs.unb.ca.jnetpcap.FlowGenerator    FlagFIN current has 168 flow
2018-06-13 01:47:25 DEBUG cic.cs.unb.ca.jnetpcap.FlowGenerator    FlagFIN current has 168 flow
2018-06-13 01:47:25 DEBUG cic.cs.unb.ca.jnetpcap.FlowGenerator    FlagFIN current has 168 flow
2018-06-13 01:47:25 DEBUG cic.cs.unb.ca.jnetpcap.FlowGenerator    FlagFIN current has 168 flow
2018-06-13 01:47:25 DEBUG cic.cs.unb.ca.jnetpcap.FlowGenerator    FlagFIN current has 170 flow
2018-06-13 01:47:25 DEBUG cic.cs.unb.ca.jnetpcap.FlowGenerator    FlagFIN current has 170 flow
2018-06-13 01:47:25 DEBUG cic.cs.unb.ca.jnetpcap.FlowGenerator    FlagFIN current has 170 flow
2018-06-13 01:47:25 DEBUG cic.cs.unb.ca.jnetpcap.FlowGenerator    FlagFIN current has 170 flow
2018-06-13 01:47:25 DEBUG cic.cs.unb.ca.jnetpcap.FlowGenerator    FlagFIN current has 170 flow
2018-06-13 01:47:25 DEBUG cic.cs.unb.ca.jnetpcap.FlowGenerator    FlagFIN current has 179 flow
2018-06-13 01:47:25 DEBUG cic.cs.unb.ca.jnetpcap.FlowGenerator    FlagFIN current has 179 flow
2018-06-13 01:47:25 DEBUG cic.cs.unb.ca.jnetpcap.FlowGenerator    FlagFIN current has 179 flow
2018-06-13 01:47:25 DEBUG cic.cs.unb.ca.jnetpcap.FlowGenerator    FlagFIN current has 179 flow
2018-06-13 01:47:25 DEBUG cic.cs.unb.ca.jnetpcap.FlowGenerator    FlagFIN current has 180 flow
2018-06-13 01:47:25 DEBUG cic.cs.unb.ca.jnetpcap.FlowGenerator    FlagFIN current has 181 flow
2018-06-13 01:47:25 DEBUG cic.cs.unb.ca.jnetpcap.FlowGenerator    FlagFIN current has 193 flow
2018-06-13 01:47:25 DEBUG cic.cs.unb.ca.jnetpcap.FlowGenerator    FlagFIN current has 196 flow
2018-06-13 01:47:25 DEBUG cic.cs.unb.ca.jnetpcap.FlowGenerator    FlagFIN current has 205 flow
2018-06-13 01:47:25 DEBUG cic.cs.unb.ca.jnetpcap.FlowGenerator    FlagFIN current has 205 flow
2018-06-13 01:47:25 DEBUG cic.cs.unb.ca.jnetpcap.FlowGenerator    FlagFIN current has 205 flow
2018-06-13 01:47:25 DEBUG cic.cs.unb.ca.jnetpcap.FlowGenerator    FlagFIN current has 205 flow
2018-06-13 01:47:25 DEBUG cic.cs.unb.ca.jnetpcap.FlowGenerator    FlagFIN current has 205 flow
2018-06-13 01:47:25 DEBUG cic.cs.unb.ca.jnetpcap.FlowGenerator    FlagFIN current has 205 flow
2018-06-13 01:47:25 DEBUG cic.cs.unb.ca.jnetpcap.FlowGenerator    FlagFIN current has 207 flow
2018-06-13 01:47:25 DEBUG cic.cs.unb.ca.jnetpcap.FlowGenerator    FlagFIN current has 207 flow
2018-06-13 01:47:25 DEBUG cic.cs.unb.ca.jnetpcap.FlowGenerator    FlagFIN current has 207 flow
2018-06-13 01:47:25 DEBUG cic.cs.unb.ca.jnetpcap.FlowGenerator    FlagFIN current has 207 flow
2018-06-13 01:47:25 DEBUG cic.cs.unb.ca.jnetpcap.FlowGenerator    FlagFIN current has 207 flow
2018-06-13 01:47:25 DEBUG cic.cs.unb.ca.jnetpcap.FlowGenerator    FlagFIN current has 207 flow
2018-06-13 01:47:25 DEBUG cic.cs.unb.ca.jnetpcap.FlowGenerator    FlagFIN current has 207 flow
2018-06-13 01:47:25 DEBUG cic.cs.unb.ca.jnetpcap.FlowGenerator    FlagFIN current has 207 flow
2018-06-13 01:47:25 DEBUG cic.cs.unb.ca.jnetpcap.FlowGenerator    FlagFIN current has 208 flow
2018-06-13 01:47:25 DEBUG cic.cs.unb.ca.jnetpcap.FlowGenerator    FlagFIN current has 208 flow
2018-06-13 01:47:25 DEBUG cic.cs.unb.ca.jnetpcap.FlowGenerator    FlagFIN current has 208 flow
2018-06-13 01:47:25 DEBUG cic.cs.unb.ca.jnetpcap.FlowGenerator    FlagFIN current has 208 flow
2018-06-13 01:47:25 DEBUG cic.cs.unb.ca.jnetpcap.FlowGenerator    FlagFIN current has 208 flow
2018-06-13 01:47:25 DEBUG cic.cs.unb.ca.jnetpcap.FlowGenerator    FlagFIN current has 208 flow
2018-06-13 01:47:25 DEBUG cic.cs.unb.ca.jnetpcap.FlowGenerator    FlagFIN current has 208 flow
2018-06-13 01:47:25 DEBUG cic.cs.unb.ca.jnetpcap.FlowGenerator    FlagFIN current has 219 flow
2018-06-13 01:47:25 DEBUG cic.cs.unb.ca.jnetpcap.FlowGenerator    FlagFIN current has 219 flow
2018-06-13 01:47:25 DEBUG cic.cs.unb.ca.jnetpcap.FlowGenerator    FlagFIN current has 275 flow
2018-06-13 01:47:25 DEBUG cic.cs.unb.ca.jnetpcap.FlowGenerator    FlagFIN current has 278 flow
2018-06-13 01:47:25 DEBUG cic.cs.unb.ca.jnetpcap.FlowGenerator    FlagFIN current has 278 flow
2018-06-13 01:47:25 DEBUG cic.cs.unb.ca.jnetpcap.FlowGenerator    FlagFIN current has 277 flow
2018-06-13 01:47:25 DEBUG cic.cs.unb.ca.jnetpcap.FlowGenerator    FlagFIN current has 278 flow
2018-06-13 01:47:25 DEBUG cic.cs.unb.ca.jnetpcap.FlowGenerator    FlagFIN current has 278 flow
2018-06-13 01:47:25 DEBUG cic.cs.unb.ca.jnetpcap.FlowGenerator    FlagFIN current has 279 flow
2018-06-13 01:47:25 DEBUG cic.cs.unb.ca.jnetpcap.FlowGenerator    FlagFIN current has 279 flow
2018-06-13 01:47:25 DEBUG cic.cs.unb.ca.jnetpcap.FlowGenerator    FlagFIN current has 279 flow
2018-06-13 01:47:25 DEBUG cic.cs.unb.ca.jnetpcap.FlowGenerator    FlagFIN current has 292 flow
2018-06-13 01:47:25 DEBUG cic.cs.unb.ca.jnetpcap.FlowGenerator    FlagFIN current has 292 flow
2018-06-13 01:47:25 DEBUG cic.cs.unb.ca.jnetpcap.FlowGenerator    FlagFIN current has 295 flow
2018-06-13 01:47:25 DEBUG cic.cs.unb.ca.jnetpcap.FlowGenerator    FlagFIN current has 306 flow
2018-06-13 01:47:25 DEBUG cic.cs.unb.ca.jnetpcap.FlowGenerator    FlagFIN current has 306 flow
2018-06-13 01:47:25 DEBUG cic.cs.unb.ca.jnetpcap.FlowGenerator    FlagFIN current has 308 flow
2018-06-13 01:47:25 DEBUG cic.cs.unb.ca.jnetpcap.FlowGenerator    FlagFIN current has 310 flow
2018-06-13 01:47:25 DEBUG cic.cs.unb.ca.jnetpcap.FlowGenerator    FlagFIN current has 310 flow
2018-06-13 01:47:25 DEBUG cic.cs.unb.ca.jnetpcap.FlowGenerator    FlagFIN current has 310 flow
2018-06-13 01:47:25 DEBUG cic.cs.unb.ca.jnetpcap.FlowGenerator    FlagFIN current has 310 flow
2018-06-13 01:47:25 DEBUG cic.cs.unb.ca.jnetpcap.FlowGenerator    FlagFIN current has 311 flow
2018-06-13 01:47:25 DEBUG cic.cs.unb.ca.jnetpcap.FlowGenerator    FlagFIN current has 311 flow
2018-06-13 01:47:25 DEBUG cic.cs.unb.ca.jnetpcap.FlowGenerator    FlagFIN current has 311 flow
2018-06-13 01:47:25 DEBUG cic.cs.unb.ca.jnetpcap.FlowGenerator    FlagFIN current has 311 flow
2018-06-13 01:47:25 DEBUG cic.cs.unb.ca.jnetpcap.FlowGenerator    FlagFIN current has 311 flow
2018-06-13 01:47:25 DEBUG cic.cs.unb.ca.jnetpcap.FlowGenerator    FlagFIN current has 310 flow
2018-06-13 01:47:25 DEBUG cic.cs.unb.ca.jnetpcap.FlowGenerator    FlagFIN current has 312 flow
2018-06-13 01:47:25 DEBUG cic.cs.unb.ca.jnetpcap.FlowGenerator    FlagFIN current has 313 flow
2018-06-13 01:47:25 DEBUG cic.cs.unb.ca.jnetpcap.FlowGenerator    FlagFIN current has 313 flow
2018-06-13 01:47:25 DEBUG cic.cs.unb.ca.jnetpcap.PacketReader    Read All packets on /tmp/tmp_qoj2nuq/f3dfbdafc6d4a594b864f9d6e38eaa811dcabe7f080543a8067f4420d80dcdfd.pcap
2018-06-13 01:47:25 DEBUG cic.cs.unb.ca.jnetpcap.FlowGenerator    dumpLabeledFlow: 
2018-06-13 01:47:25 DEBUG cic.cs.unb.ca.jnetpcap.FlowGenerator    dumpLabeledFlow finishedFlows -> 0,115
2018-06-13 01:47:25 DEBUG cic.cs.unb.ca.jnetpcap.FlowGenerator    dumpLabeledFlow total(include current) -> 29,399
2018-06-13 01:47:25 DEBUG cic.cs.unb.ca.jnetpcap.worker.ReadPcapFileWorker    /tmp/tmp_qoj2nuq/f3dfbdafc6d4a594b864f9d6e38eaa811dcabe7f080543a8067f4420d80dcdfd.pcap is done,Total 399
